2024-01-11 16:01:53,850 - INFO - |------------------------- Running Step 0 -------------------------|
2024-01-11 16:03:56,958 - INFO - Processing GHCN Data: 100%|██████████████████████████████████████████████████████████████████████████████████████████████████████████████████████████████████| 1453589/1453589 [00:07<00:00, 266289.91it/s]
2024-01-11 16:04:22,460 - INFO - |------------------------- Running Step 1 -------------------------|
2024-01-11 16:04:24,420 - INFO - Removing faulty data: 100%|████████████████████████████████████████████████████████████████████████████████████████████████████████████████████████████████████████████████| 18/18 [00:00<00:00, 83.70it/s]
2024-01-11 16:04:24,421 - INFO - Number of data points removed: 12956
2024-01-11 16:04:42,707 - INFO - |------------------------- Running Step 2 -------------------------|
2024-01-11 16:05:04,890 - INFO - Calculating distances between all grid point/station pairs: 100%|███████████████████████████████████████████████████████████████████████████████████████████████████| 16022/16022 [00:20<00:00, 768.19it/s]
2024-01-11 16:07:49,568 - INFO - Finding nearby stations for each grid point: 100%|██████████████████████████████████████████████████████████████████████████████████████████████████████████████████| 16022/16022 [02:31<00:00, 105.93it/s]
2024-01-11 16:07:55,424 - INFO - |------------------------- Running Step 3 -------------------------|
2024-01-11 16:07:57,048 - INFO - Calculating anomalies for GHCN data: 100%|███████████████████████████████████████████████████████████████████████████████████████████████████████████████████████████| 1730/1730 [00:00<00:00, 2907.99it/s]
2024-01-11 16:08:37,486 - INFO - |------------------------- Running Step 4 -------------------------|
2024-01-11 16:14:35,833 - INFO - Calculating distances between all grid point/station pairs: 100%|██████████████████████████████████████████████████████████████████████████████████████████████████| 11240/11240 [00:07<00:00, 1526.44it/s]
2024-01-11 16:22:02,553 - INFO - |------------------------- Running Step 5 -------------------------|
2024-01-11 16:23:46,899 - INFO - ERSST data loaded into xarray data array successfully.
2024-01-11 16:23:48,412 - INFO - Number of ice values (below -1.77) converted to NaN:
191688 (1.01% of all data points)
2024-01-11 16:23:48,649 - INFO - |------------------------- Running Step 6 -------------------------|
2024-01-11 16:37:05,316 - INFO - Calculating anomalies for grid points: 100%|█████████████████████████████████████████████████████████████████████████████████████████████████████████████████████████| 16022/16022 [13:16<00:00, 20.13it/s]
2024-01-11 16:38:38,314 - INFO - 
GISS surface temperature analysis completed.
2024-01-11 16:38:38,314 - INFO - 
Total execution time: 0 hours 36 minutes 44 seconds

